
> @deck-monsters/web@0.1.0 build /workspaces/deck-monsters/apps/web
> tsc --noEmit && vite build

vite v6.4.1 building for production...
transforming...
✓ 173 modules transformed.
rendering chunks...
computing gzip size...
dist/index.html                                                   0.47 kB │ gzip:   0.30 kB
dist/assets/jetbrains-mono-greek-400-normal-C190GLew.woff2        4.23 kB
dist/assets/jetbrains-mono-greek-700-normal-C6CZE3T8.woff2        4.30 kB
dist/assets/jetbrains-mono-cyrillic-400-normal-BEIGL1Tu.woff2     5.33 kB
dist/assets/jetbrains-mono-cyrillic-700-normal-BWTpRfYl.woff2     5.34 kB
dist/assets/jetbrains-mono-vietnamese-400-normal-CqNFfHCs.woff    5.37 kB
dist/assets/jetbrains-mono-vietnamese-700-normal-BDLVIk2r.woff    5.45 kB
dist/assets/jetbrains-mono-greek-400-normal-B9oWc5Lo.woff         5.66 kB
dist/assets/jetbrains-mono-greek-700-normal-DEigVDxa.woff         5.70 kB
dist/assets/jetbrains-mono-cyrillic-400-normal-ugxPyKxw.woff      6.98 kB
dist/assets/jetbrains-mono-cyrillic-700-normal-CEoEElIJ.woff      7.02 kB
dist/assets/jetbrains-mono-latin-ext-400-normal-Bc8Ftmh3.woff2    7.34 kB
dist/assets/jetbrains-mono-latin-ext-700-normal-CZipNAKV.woff2    7.47 kB
dist/assets/jetbrains-mono-latin-ext-400-normal-fXTG6kC5.woff    10.13 kB
dist/assets/jetbrains-mono-latin-ext-700-normal-CxPITLHs.woff    10.30 kB
dist/assets/jetbrains-mono-latin-400-normal-V6pRDFza.woff2       21.17 kB
dist/assets/jetbrains-mono-latin-700-normal-BYuf6tUa.woff2       21.91 kB
dist/assets/jetbrains-mono-latin-400-normal-6-qcROiO.woff        27.50 kB
dist/assets/jetbrains-mono-latin-700-normal-D3wTyLJW.woff        28.21 kB
dist/assets/index-Da4H6Y_S.css                                   32.10 kB │ gzip:  16.67 kB
dist/assets/index-DSfJFbnM.js                                   508.87 kB │ gzip: 145.20 kB

(!) Some chunks are larger than 500 kB after minification. Consider:
- Using dynamic import() to code-split the application
- Use build.rollupOptions.output.manualChunks to improve chunking: https://rollupjs.org/configuration-options/#output-manualchunks
- Adjust chunk size limit for this warning via build.chunkSizeWarningLimit.
✓ built in 1.02s
